c:\users\zanth\documents\git\unitxp_sp3\unitxp_sp3\unitxp_sp3\release\unitxp_sp3.pch
c:\users\zanth\documents\git\unitxp_sp3\unitxp_sp3\unitxp_sp3\release\vc145.pdb
c:\users\zanth\documents\git\unitxp_sp3\unitxp_sp3\unitxp_sp3\release\pch.obj
c:\users\zanth\documents\git\unitxp_sp3\unitxp_sp3\unitxp_sp3\release\utf8_to_utf16.obj
c:\users\zanth\documents\git\unitxp_sp3\unitxp_sp3\unitxp_sp3\release\timer.obj
c:\users\zanth\documents\git\unitxp_sp3\unitxp_sp3\unitxp_sp3\release\targeting.obj
c:\users\zanth\documents\git\unitxp_sp3\unitxp_sp3\unitxp_sp3\release\stb_image_write.obj
c:\users\zanth\documents\git\unitxp_sp3\unitxp_sp3\unitxp_sp3\release\screenshot.obj
c:\users\zanth\documents\git\unitxp_sp3\unitxp_sp3\unitxp_sp3\release\scenebegin_sceneend.obj
c:\users\zanth\documents\git\unitxp_sp3\unitxp_sp3\unitxp_sp3\release\polyfill.obj
c:\users\zanth\documents\git\unitxp_sp3\unitxp_sp3\unitxp_sp3\release\performanceprofiling.obj
c:\users\zanth\documents\git\unitxp_sp3\unitxp_sp3\unitxp_sp3\release\notifyos.obj
c:\users\zanth\documents\git\unitxp_sp3\unitxp_sp3\unitxp_sp3\release\modernnameplatedistance.obj
c:\users\zanth\documents\git\unitxp_sp3\unitxp_sp3\unitxp_sp3\release\luadebug.obj
c:\users\zanth\documents\git\unitxp_sp3\unitxp_sp3\unitxp_sp3\release\insight.obj
c:\users\zanth\documents\git\unitxp_sp3\unitxp_sp3\unitxp_sp3\release\gamesocket.obj
c:\users\zanth\documents\git\unitxp_sp3\unitxp_sp3\unitxp_sp3\release\gamequit.obj
c:\users\zanth\documents\git\unitxp_sp3\unitxp_sp3\unitxp_sp3\release\fpscap.obj
c:\users\zanth\documents\git\unitxp_sp3\unitxp_sp3\unitxp_sp3\release\edit_cworld_intersect.obj
c:\users\zanth\documents\git\unitxp_sp3\unitxp_sp3\unitxp_sp3\release\editcamera.obj
c:\users\zanth\documents\git\unitxp_sp3\unitxp_sp3\unitxp_sp3\release\dllmain.obj
c:\users\zanth\documents\git\unitxp_sp3\unitxp_sp3\unitxp_sp3\release\distancebetween.obj
c:\users\zanth\documents\git\unitxp_sp3\unitxp_sp3\unitxp_sp3\release\cofftimedatestamp.obj
c:\users\zanth\documents\git\unitxp_sp3\unitxp_sp3\unitxp_sp3\release\worldtext.obj
c:\users\zanth\documents\git\unitxp_sp3\unitxp_sp3\unitxp_sp3\release\weather.obj
c:\users\zanth\documents\git\unitxp_sp3\unitxp_sp3\unitxp_sp3\release\vanilla1121_functions.obj
c:\users\zanth\documents\git\unitxp_sp3\unitxp_sp3\unitxp_sp3\release\unitxp_sp3.tlog\cl.command.1.tlog
c:\users\zanth\documents\git\unitxp_sp3\unitxp_sp3\unitxp_sp3\release\unitxp_sp3.tlog\cl.read.1.tlog
c:\users\zanth\documents\git\unitxp_sp3\unitxp_sp3\unitxp_sp3\release\unitxp_sp3.tlog\cl.write.1.tlog
c:\users\zanth\documents\git\unitxp_sp3\unitxp_sp3\unitxp_sp3\release\unitxp_sp3.tlog\link.124060.read.1.tlog
c:\users\zanth\documents\git\unitxp_sp3\unitxp_sp3\unitxp_sp3\release\unitxp_sp3.tlog\link.124060.write.1.tlog
c:\users\zanth\documents\git\unitxp_sp3\unitxp_sp3\unitxp_sp3\release\unitxp_sp3.tlog\link.command.1.tlog
c:\users\zanth\documents\git\unitxp_sp3\unitxp_sp3\unitxp_sp3\release\unitxp_sp3.tlog\link.read.1.tlog
c:\users\zanth\documents\git\unitxp_sp3\unitxp_sp3\unitxp_sp3\release\unitxp_sp3.tlog\link.write.1.tlog
